PIPELINE RUN
  Input:      sample-pictures-full\20260328_165926.jpg
  Output dir: sample-pictures-out-full\20260328_165926
  locate:     true

PIPELINE DIAGNOSTICS
  [locate] working-res 1000×450 (scale=0.248 from 4032×1816)
  [locate] found 4 candidate(s); top score=0.003
  [locate] chose candidate 0: totalScore=0.978 (innerBorder=0.796, darkRing=1.000)
  [locate] output region: 1470×1325 (margin=6.0%, passThrough=false)
  [warp] corner detection: area=1730378 aspect=1.138 (target 1.111) thresh=180 score=0.0185
  [warp] detected source corners (TL TR BR BL): (47,41) (1422,41) (1424,1284) (42,1290)
  [warp] pass 1 edge curvatures: top=-1.39 bot=1.48 left=2.96 right=5.02
  [warp] pass 1 corner errors: TL=(-3.5,-1.6) TR=(4.5,-1.1) BR=(5.2,2.1) BL=(-2.6,1.2)
  [warp] pass 2 edge curvatures: top=-0.19 bot=-0.00 left=7.35 right=2.22
  [warp] pass 2 corner errors: TL=(1.1,-0.7) TR=(2.0,-0.4) BR=(2.4,0.9) BL=(1.5,0.4)
  [correct] R: white samples kept=7343 (median 217.0, range 161–255)
  [correct] G: white samples kept=7585 (median 215.0, range 159–253)
  [correct] white surface R: 178–242; G: 173–246
  [correct] dark surface  R: 108–201; G: 141–204
  [correct] interior DG calibration: R=8182px G=8643px
  [correct] frame post-correction p85: R=255 G=255 B=197 (target #FFFFA5 = R255 G255 B165)
  [correct] camera region mean: R=170.0 G=153.7 B=183.4
  [crop] inner-border mean=186.6 white-frame mean=197.7 (ratio 0.944, WARN)
  [sample] R: 0–255  G: 0–254  B: 60–255
  [sample] subpixel cols (scale=8): B=[1,3) G=[3,5) R=[5,7) vMargin=1
  [quantize] global k-means cluster centers (palette-ordered):  BK=(R63,G24)  DG=(R147,G141)  LG=(R222,G118)  WH=(R242,G199)
  [quantize] after global kmeans: BK=1788  DG=5263  LG=4870  WH=2415
  [quantize] strip ensemble: 7 strips, changed 2045 px  now: BK=1744  DG=4139  LG=4573  WH=3880
  [quantize] G-valley refinement: threshold=198.0 (LG center G=117.6, WH center G=198.6), changed 1343 px
  [quantize] final: BK=1744 (12.2%)  DG=4139 (28.9%)  LG=5914 (41.3%)  WH=2539 (17.7%)

======================================================================
COMPARISON SUMMARY
======================================================================
  Total pixels : 14336
  Matching     : 13142  (91.67%)
  Different    : 1194   (8.33%)

----------------------------------------------------------------------
COLOR DISTRIBUTION
----------------------------------------------------------------------
  Color                     Result   Reference      Diff
  BK  #000000                 1744        1750  -6
  DG  #9494FF                 4139        4160  -21
  LG  #FF9494                 5914        5864  +50
  WH  #FFFFA5                 2539        2562  -23

----------------------------------------------------------------------
CONFUSION MATRIX  (rows = pipeline result, cols = reference)
----------------------------------------------------------------------
  Result / Ref             BK  #000000       DG  #9494FF       LG  #FF9494       WH  #FFFFA5   TOTAL
  BK  #000000                    1726 v                0                  0                 18 X    1744
  DG  #9494FF                       0               3778 v               97 X              264 X    4139
  LG  #FF9494                       0                  2 X             5635 v              277 X    5914
  WH  #FFFFA5                      24 X              380 X              132 X             2003 v    2539

----------------------------------------------------------------------
ERROR BREAKDOWN  (result -> reference)
----------------------------------------------------------------------
  BK  #000000  ->  WH  #FFFFA5 : 18 px
  DG  #9494FF  ->  LG  #FF9494 : 97 px
  DG  #9494FF  ->  WH  #FFFFA5 : 264 px
  LG  #FF9494  ->  DG  #9494FF : 2 px
  LG  #FF9494  ->  WH  #FFFFA5 : 277 px
  WH  #FFFFA5  ->  BK  #000000 : 24 px
  WH  #FFFFA5  ->  DG  #9494FF : 380 px
  WH  #FFFFA5  ->  LG  #FF9494 : 132 px

======================================================================
COMPARISON SUMMARY (reprint)
======================================================================
  Total pixels : 14336
  Matching     : 13142  (91.67%)
  Different    : 1194   (8.33%)

======================================================================
RESULT: FAIL — see diagnostics above and in the output directory.
======================================================================
