PIPELINE RUN
  Input:      sample-pictures-full\20260313_213443.jpg
  Output dir: sample-pictures-out-full\20260313_213443
  locate:     true

PIPELINE DIAGNOSTICS
  [locate] working-res 1000×450 (scale=0.248 from 4032×1816)
  [locate] found 3 candidate(s); top score=0.009
  [locate] chose candidate 0: totalScore=0.990 (innerBorder=0.973, darkRing=1.000)
  [locate] output region: 1359×1229 (margin=6.0%, passThrough=false)
  [warp] corner detection: area=1483042 aspect=1.104 (target 1.111) thresh=180 score=0.0199
  [warp] detected source corners (TL TR BR BL): (44,37) (1319,38) (1319,1194) (41,1196)
  [warp] pass 1 edge curvatures: top=-1.88 bot=0.86 left=1.03 right=3.34
  [warp] pass 1 corner errors: TL=(-2.0,-2.0) TR=(3.3,-1.7) BR=(4.0,1.2) BL=(-0.7,1.1)
  [warp] pass 2 edge curvatures: top=-0.79 bot=0.32 left=6.74 right=0.66
  [warp] pass 2 corner errors: TL=(0.1,-0.9) TR=(1.3,-0.8) BR=(1.7,0.4) BL=(0.8,0.3)
  [correct] R: white samples kept=7304 (median 188.0, range 141–213)
  [correct] G: white samples kept=7496 (median 202.0, range 151–240)
  [correct] white surface R: 153–201; G: 168–221
  [correct] dark surface  R: 71–148; G: 132–174
  [correct] interior DG calibration: R=2504px G=5599px
  [correct] frame post-correction p85: R=253 G=254 B=225 (target #FFFFA5 = R255 G255 B165)
  [correct] camera region mean: R=178.2 G=148.5 B=216.7
  [crop] inner-border mean=186.2 white-frame mean=213.2 (ratio 0.874, WARN)
  [sample] R: 0–255  G: 0–255  B: 101–255
  [sample] subpixel cols (scale=8): B=[1,3) G=[3,5) R=[5,7) vMargin=1
  [quantize] global k-means cluster centers (palette-ordered):  BK=(R66,G24)  DG=(R147,G147)  LG=(R230,G145)  WH=(R251,G223)
  [quantize] after global kmeans: BK=2514  DG=2446  LG=4541  WH=4835
  [quantize] strip ensemble: 7 strips, changed 653 px  now: BK=2478  DG=2478  LG=4998  WH=4382
  [quantize] G-valley refinement: threshold=183.0 (LG center G=144.7, WH center G=222.8), changed 509 px
  [quantize] final: BK=2478 (17.3%)  DG=2478 (17.3%)  LG=4505 (31.4%)  WH=4875 (34.0%)

======================================================================
COMPARISON SUMMARY
======================================================================
  Total pixels : 14336
  Matching     : 13722  (95.72%)
  Different    : 614   (4.28%)

----------------------------------------------------------------------
COLOR DISTRIBUTION
----------------------------------------------------------------------
  Color                     Result   Reference      Diff
  BK  #000000                 2478        2451  +27
  DG  #9494FF                 2478        2548  -70
  LG  #FF9494                 4505        4923  -418
  WH  #FFFFA5                 4875        4414  +461

----------------------------------------------------------------------
CONFUSION MATRIX  (rows = pipeline result, cols = reference)
----------------------------------------------------------------------
  Result / Ref             BK  #000000       DG  #9494FF       LG  #FF9494       WH  #FFFFA5   TOTAL
  BK  #000000                    2446 v               32 X                0                  0      2478
  DG  #9494FF                       5 X             2445 v               28 X                0      2478
  LG  #FF9494                       0                 70 X             4426 v                9 X    4505
  WH  #FFFFA5                       0                  1 X              469 X             4405 v    4875

----------------------------------------------------------------------
ERROR BREAKDOWN  (result -> reference)
----------------------------------------------------------------------
  BK  #000000  ->  DG  #9494FF : 32 px
  DG  #9494FF  ->  BK  #000000 : 5 px
  DG  #9494FF  ->  LG  #FF9494 : 28 px
  LG  #FF9494  ->  DG  #9494FF : 70 px
  LG  #FF9494  ->  WH  #FFFFA5 : 9 px
  WH  #FFFFA5  ->  DG  #9494FF : 1 px
  WH  #FFFFA5  ->  LG  #FF9494 : 469 px

======================================================================
COMPARISON SUMMARY (reprint)
======================================================================
  Total pixels : 14336
  Matching     : 13722  (95.72%)
  Different    : 614   (4.28%)

======================================================================
RESULT: FAIL — see diagnostics above and in the output directory.
======================================================================
