PIPELINE RUN
  Input:      sample-pictures\20260313_213510.jpg
  Output dir: sample-pictures-out-locate\20260313_213510
  locate:     true

PIPELINE DIAGNOSTICS
  [locate] input 1280×1162 aspect=1.102 ≈ target 1.111; treating as already-cropped (passThrough)
  [warp] corner detection: area=1365231 aspect=1.102 (target 1.111) thresh=180 score=0.0225
  [warp] detected source corners (TL TR BR BL): (24,27) (1251,26) (1253,1132) (28,1142)
  [warp] pass 1 edge curvatures: top=-1.96 bot=2.26 left=-2.67 right=-2.58
  [warp] pass 1 corner errors: TL=(-3.2,-2.6) TR=(3.5,-1.6) BR=(3.7,2.5) BL=(-2.3,2.3)
  [warp] pass 2 edge curvatures: top=-0.71 bot=0.90 left=-1.10 right=-1.34
  [warp] pass 2 corner errors: TL=(-1.4,-1.1) TR=(-1.3,-0.6) BR=(-1.2,1.0) BL=(-1.0,1.0)
  [correct] R: white samples kept=7299 (median 176.6, range 132–202)
  [correct] G: white samples kept=7518 (median 202.6, range 152–250)
  [correct] white surface R: 150–188; G: 176–221
  [correct] dark surface  R: 36–108; G: 127–166
  [correct] interior DG calibration: R=6842px G=1471px
  [correct] frame post-correction p85: R=254 G=255 B=252 (target #FFFFA5 = R255 G255 B165)
  [correct] camera region mean: R=148.2 G=69.1 B=200.0
  [crop] inner-border mean=186.0 white-frame mean=225.1 (ratio 0.826, OK)
  [sample] R: 34–255  G: 0–255  B: 116–255
  [sample] subpixel cols (scale=8): B=[1,3) G=[3,5) R=[5,7) vMargin=1
  [quantize] global k-means cluster centers (palette-ordered):  BK=(R122,G21)  DG=(R154,G158)  LG=(R233,G195)  WH=(R235,G252)
  [quantize] after global kmeans: BK=9494  DG=1868  LG=1388  WH=1586
  [quantize] strip ensemble: 7 strips, changed 29 px  now: BK=9494  DG=1870  LG=1401  WH=1571
  [quantize] G-valley refinement: threshold=228.0 (LG center G=195.4, WH center G=251.7), changed 3 px
  [quantize] final: BK=9494 (66.2%)  DG=1870 (13.0%)  LG=1400 (9.8%)  WH=1572 (11.0%)

======================================================================
COMPARISON SUMMARY
======================================================================
  Total pixels : 14336
  Matching     : 14336  (100.00%)
  Different    : 0   (0.00%)

----------------------------------------------------------------------
COLOR DISTRIBUTION
----------------------------------------------------------------------
  Color                     Result   Reference      Diff
  BK  #000000                 9494        9494  +0
  DG  #9494FF                 1870        1870  +0
  LG  #FF9494                 1400        1400  +0
  WH  #FFFFA5                 1572        1572  +0

----------------------------------------------------------------------
CONFUSION MATRIX  (rows = pipeline result, cols = reference)
----------------------------------------------------------------------
  Result / Ref             BK  #000000       DG  #9494FF       LG  #FF9494       WH  #FFFFA5   TOTAL
  BK  #000000                    9494 v                0                  0                  0      9494
  DG  #9494FF                       0               1870 v                0                  0      1870
  LG  #FF9494                       0                  0               1400 v                0      1400
  WH  #FFFFA5                       0                  0                  0               1572 v    1572

======================================================================
COMPARISON SUMMARY (reprint)
======================================================================
  Total pixels : 14336
  Matching     : 14336  (100.00%)
  Different    : 0   (0.00%)

======================================================================
RESULT: PASS — all pixels match the reference.
======================================================================
