PIPELINE RUN
  Input:      sample-pictures-full\20260313_213510.jpg
  Output dir: sample-pictures-out-full\20260313_213510
  locate:     true

PIPELINE DIAGNOSTICS
  [locate] working-res 1000×450 (scale=0.248 from 4032×1816)
  [locate] found 4 candidate(s); top score=0.014
  [locate] chose candidate 0: totalScore=0.785 (innerBorder=1.000, darkRing=0.659)
  [locate] output region: 1301×1180 (margin=6.0%, passThrough=false)
  [warp] corner detection: area=1363053 aspect=1.104 (target 1.111) thresh=180 score=0.0152
  [warp] detected source corners (TL TR BR BL): (39,37) (1263,37) (1265,1146) (39,1147)
  [warp] pass 1 edge curvatures: top=-2.24 bot=2.70 left=-2.61 right=3.40
  [warp] pass 1 corner errors: TL=(-3.1,-2.8) TR=(3.3,-2.1) BR=(3.5,2.7) BL=(-2.0,2.7)
  [warp] pass 2 edge curvatures: top=-0.92 bot=1.23 left=-1.15 right=0.72
  [warp] pass 2 corner errors: TL=(-1.4,-1.1) TR=(1.4,-0.8) BR=(1.6,1.2) BL=(-0.9,1.1)
  [correct] R: white samples kept=7244 (median 176.0, range 131–203)
  [correct] G: white samples kept=7488 (median 203.0, range 152–253)
  [correct] white surface R: 149–189; G: 175–222
  [correct] dark surface  R: 41–106; G: 126–164
  [correct] interior DG calibration: R=7041px G=1601px
  [correct] frame post-correction p85: R=254 G=255 B=250 (target #FFFFA5 = R255 G255 B165)
  [correct] camera region mean: R=148.1 G=70.4 B=199.9
  [crop] inner-border mean=186.4 white-frame mean=224.7 (ratio 0.830, OK)
  [sample] R: 42–255  G: 0–255  B: 113–255
  [sample] subpixel cols (scale=8): B=[1,3) G=[3,5) R=[5,7) vMargin=1
  [quantize] global k-means cluster centers (palette-ordered):  BK=(R122,G23)  DG=(R161,G156)  LG=(R241,G182)  WH=(R247,G252)
  [quantize] after global kmeans: BK=9494  DG=1871  LG=1394  WH=1577
  [quantize] strip ensemble: 7 strips, changed 27 px  now: BK=9494  DG=1871  LG=1411  WH=1560
  [quantize] G-valley refinement: threshold=228.0 (LG center G=181.8, WH center G=252.2), changed 3 px
  [quantize] final: BK=9494 (66.2%)  DG=1871 (13.1%)  LG=1414 (9.9%)  WH=1557 (10.9%)

======================================================================
COMPARISON SUMMARY
======================================================================
  Total pixels : 14336
  Matching     : 14306  (99.79%)
  Different    : 30   (0.21%)

----------------------------------------------------------------------
COLOR DISTRIBUTION
----------------------------------------------------------------------
  Color                     Result   Reference      Diff
  BK  #000000                 9494        9494  +0
  DG  #9494FF                 1871        1870  +1
  LG  #FF9494                 1414        1400  +14
  WH  #FFFFA5                 1557        1572  -15

----------------------------------------------------------------------
CONFUSION MATRIX  (rows = pipeline result, cols = reference)
----------------------------------------------------------------------
  Result / Ref             BK  #000000       DG  #9494FF       LG  #FF9494       WH  #FFFFA5   TOTAL
  BK  #000000                    9494 v                0                  0                  0      9494
  DG  #9494FF                       0               1866 v                5 X                0      1871
  LG  #FF9494                       0                  4 X             1392 v               18 X    1414
  WH  #FFFFA5                       0                  0                  3 X             1554 v    1557

----------------------------------------------------------------------
ERROR BREAKDOWN  (result -> reference)
----------------------------------------------------------------------
  DG  #9494FF  ->  LG  #FF9494 : 5 px
  LG  #FF9494  ->  DG  #9494FF : 4 px
  LG  #FF9494  ->  WH  #FFFFA5 : 18 px
  WH  #FFFFA5  ->  LG  #FF9494 : 3 px

======================================================================
COMPARISON SUMMARY (reprint)
======================================================================
  Total pixels : 14336
  Matching     : 14306  (99.79%)
  Different    : 30   (0.21%)

======================================================================
RESULT: FAIL — see diagnostics above and in the output directory.
======================================================================
