PIPELINE RUN
  Input:      sample-pictures\20260313_213457.jpg
  Output dir: sample-pictures-out-locate\20260313_213457
  locate:     true

PIPELINE DIAGNOSTICS
  [locate] input 1302×1187 aspect=1.097 ≈ target 1.111; treating as already-cropped (passThrough)
  [warp] corner detection: area=1433613 aspect=1.106 (target 1.111) thresh=180 score=0.0204
  [warp] detected source corners (TL TR BR BL): (22,20) (1278,29) (1273,1163) (16,1162)
  [warp] pass 1 edge curvatures: top=-1.19 bot=1.01 left=-2.38 right=0.44
  [warp] pass 1 corner errors: TL=(-2.7,-1.9) TR=(3.4,-0.8) BR=(3.7,1.5) BL=(-2.1,0.6)
  [warp] pass 2 edge curvatures: top=-0.42 bot=0.46 left=-1.08 right=-3.18
  [warp] pass 2 corner errors: TL=(-1.2,-0.8) TR=(-0.1,-0.2) BR=(0.1,0.7) BL=(-0.9,0.2)
  [correct] R: white samples kept=7322 (median 189.0, range 141–215)
  [correct] G: white samples kept=7493 (median 201.1, range 150–249)
  [correct] white surface R: 161–200; G: 174–222
  [correct] dark surface  R: 74–127; G: 128–159
  [correct] interior DG calibration: R=2195px G=2211px
  [correct] frame post-correction p85: R=254 G=255 B=236 (target #FFFFA5 = R255 G255 B165)
  [correct] camera region mean: R=156.4 G=117.5 B=202.2
  [crop] inner-border mean=177.4 white-frame mean=203.2 (ratio 0.873, WARN)
  [sample] R: 1–255  G: 0–255  B: 94–255
  [sample] subpixel cols (scale=8): B=[1,3) G=[3,5) R=[5,7) vMargin=1
  [quantize] global k-means cluster centers (palette-ordered):  BK=(R85,G20)  DG=(R144,G155)  LG=(R230,G193)  WH=(R236,G253)
  [quantize] after global kmeans: BK=5284  DG=2800  LG=2809  WH=3443
  [quantize] strip ensemble: 7 strips, changed 170 px  now: BK=5289  DG=2829  LG=2668  WH=3550
  [quantize] G-valley refinement: threshold=230.0 (LG center G=193.0, WH center G=252.7), changed 170 px
  [quantize] final: BK=5289 (36.9%)  DG=2829 (19.7%)  LG=2838 (19.8%)  WH=3380 (23.6%)

======================================================================
COMPARISON SUMMARY
======================================================================
  Total pixels : 14336
  Matching     : 14336  (100.00%)
  Different    : 0   (0.00%)

----------------------------------------------------------------------
COLOR DISTRIBUTION
----------------------------------------------------------------------
  Color                     Result   Reference      Diff
  BK  #000000                 5289        5289  +0
  DG  #9494FF                 2829        2829  +0
  LG  #FF9494                 2838        2838  +0
  WH  #FFFFA5                 3380        3380  +0

----------------------------------------------------------------------
CONFUSION MATRIX  (rows = pipeline result, cols = reference)
----------------------------------------------------------------------
  Result / Ref             BK  #000000       DG  #9494FF       LG  #FF9494       WH  #FFFFA5   TOTAL
  BK  #000000                    5289 v                0                  0                  0      5289
  DG  #9494FF                       0               2829 v                0                  0      2829
  LG  #FF9494                       0                  0               2838 v                0      2838
  WH  #FFFFA5                       0                  0                  0               3380 v    3380

======================================================================
COMPARISON SUMMARY (reprint)
======================================================================
  Total pixels : 14336
  Matching     : 14336  (100.00%)
  Different    : 0   (0.00%)

======================================================================
RESULT: PASS — all pixels match the reference.
======================================================================
