PIPELINE RUN
  Input:      sample-pictures-full\20260313_213457.jpg
  Output dir: sample-pictures-out-full\20260313_213457
  locate:     true

PIPELINE DIAGNOSTICS
  [locate] working-res 1000×450 (scale=0.248 from 4032×1816)
  [locate] found 4 candidate(s); top score=0.002
  [locate] chose candidate 0: totalScore=0.906 (innerBorder=0.980, darkRing=0.850)
  [locate] output region: 1391×1253 (margin=6.0%, passThrough=false)
  [warp] corner detection: area=1430490 aspect=1.108 (target 1.111) thresh=180 score=0.0132
  [warp] detected source corners (TL TR BR BL): (68,60) (1323,62) (1322,1199) (66,1197)
  [warp] pass 1 edge curvatures: top=-1.34 bot=0.35 left=-2.09 right=-0.76
  [warp] pass 1 corner errors: TL=(-2.5,-1.7) TR=(3.4,-1.4) BR=(3.9,0.8) BL=(-1.9,0.5)
  [warp] pass 2 edge curvatures: top=-0.85 bot=-4.59 left=-1.02 right=-4.66
  [warp] pass 2 corner errors: TL=(-1.1,-0.7) TR=(-0.5,-0.5) BR=(-0.3,0.1) BL=(-0.8,-0.1)
  [correct] R: white samples kept=7388 (median 188.6, range 141–216)
  [correct] G: white samples kept=7519 (median 201.1, range 151–250)
  [correct] white surface R: 161–199; G: 175–222
  [correct] dark surface  R: 70–137; G: 129–164
  [correct] interior DG calibration: R=2641px G=2407px
  [correct] frame post-correction p85: R=255 G=255 B=236 (target #FFFFA5 = R255 G255 B165)
  [correct] camera region mean: R=159.1 G=117.6 B=202.4
  [crop] inner-border mean=176.6 white-frame mean=179.4 (ratio 0.984, WARN)
  [sample] R: 1–255  G: 0–255  B: 92–255
  [sample] subpixel cols (scale=8): B=[1,3) G=[3,5) R=[5,7) vMargin=1
  [quantize] global k-means cluster centers (palette-ordered):  BK=(R89,G23)  DG=(R146,G149)  LG=(R226,G193)  WH=(R232,G250)
  [quantize] after global kmeans: BK=5164  DG=2979  LG=2690  WH=3503
  [quantize] strip ensemble: 7 strips, changed 568 px  now: BK=5191  DG=2870  LG=2667  WH=3608
  [quantize] G-valley refinement: threshold=231.0 (LG center G=192.6, WH center G=250.3), changed 333 px
  [quantize] final: BK=5191 (36.2%)  DG=2870 (20.0%)  LG=3000 (20.9%)  WH=3275 (22.8%)

======================================================================
COMPARISON SUMMARY
======================================================================
  Total pixels : 14336
  Matching     : 13986  (97.56%)
  Different    : 350   (2.44%)

----------------------------------------------------------------------
COLOR DISTRIBUTION
----------------------------------------------------------------------
  Color                     Result   Reference      Diff
  BK  #000000                 5191        5289  -98
  DG  #9494FF                 2870        2829  +41
  LG  #FF9494                 3000        2838  +162
  WH  #FFFFA5                 3275        3380  -105

----------------------------------------------------------------------
CONFUSION MATRIX  (rows = pipeline result, cols = reference)
----------------------------------------------------------------------
  Result / Ref             BK  #000000       DG  #9494FF       LG  #FF9494       WH  #FFFFA5   TOTAL
  BK  #000000                    5176 v               15 X                0                  0      5191
  DG  #9494FF                     111 X             2745 v               14 X                0      2870
  LG  #FF9494                       2 X               69 X             2807 v              122 X    3000
  WH  #FFFFA5                       0                  0                 17 X             3258 v    3275

----------------------------------------------------------------------
ERROR BREAKDOWN  (result -> reference)
----------------------------------------------------------------------
  BK  #000000  ->  DG  #9494FF : 15 px
  DG  #9494FF  ->  BK  #000000 : 111 px
  DG  #9494FF  ->  LG  #FF9494 : 14 px
  LG  #FF9494  ->  BK  #000000 : 2 px
  LG  #FF9494  ->  DG  #9494FF : 69 px
  LG  #FF9494  ->  WH  #FFFFA5 : 122 px
  WH  #FFFFA5  ->  LG  #FF9494 : 17 px

======================================================================
COMPARISON SUMMARY (reprint)
======================================================================
  Total pixels : 14336
  Matching     : 13986  (97.56%)
  Different    : 350   (2.44%)

======================================================================
RESULT: FAIL — see diagnostics above and in the output directory.
======================================================================
