PIPELINE RUN
  Input:      sample-pictures\20260313_213443.jpg
  Output dir: sample-pictures-out-locate\20260313_213443
  locate:     true

PIPELINE DIAGNOSTICS
  [locate] input 1340×1220 aspect=1.098 ≈ target 1.111; treating as already-cropped (passThrough)
  [warp] corner detection: area=1485492 aspect=1.107 (target 1.111) thresh=180 score=0.0398
  [warp] detected source corners (TL TR BR BL): (32,23) (1316,42) (1293,1193) (23,1189)
  [warp] pass 1 edge offsets (avg): top=-3.19 bot=0.65 left=-0.19 right=3.59
  [warp] pass 1 corner errors: TL=(-2.9,-2.0) TR=(1.6,-1.4) BR=(2.4,1.1) BL=(-1.7,-0.4)
  [warp] pass 1 poly fit RMSE: top=0.27 bot=0.37 left=4.23 right=0.26
  [warp] pass 1 sub-pixel gap width: left=15.54 right=12.66 top=12.06 bottom=10.97
  [warp] pass 2 edge offsets (avg): top=-1.53 bot=0.32 left=1.31 right=1.52
  [warp] pass 2 corner errors: TL=(-0.9,-0.9) TR=(0.7,-0.6) BR=(1.1,0.7) BL=(-0.3,-0.1)
  [warp] pass 2 poly fit RMSE: top=0.28 bot=0.31 left=0.49 right=0.26
  [warp] pass 2 sub-pixel gap width: left=16.18 right=12.43 top=11.84 bottom=11.15
  [warp] non-linear pre-remap residuals: top=-0.77 bot=-0.02 left=1.91 right=0.61
  [warp] non-linear fit RMSE: top=0.26 bot=0.29 left=0.49 right=0.26
  [warp] non-linear shift magnitudes (max |Δ|): top=1.24 bot=0.54 left=3.79 right=1.08
  [warp] sub-pixel rectify: max shift=5.91 px top G-offset range [3.06, 11.38] bot G-offset range [1.90, 4.47]
  [warp] final residuals (post-remap, signed mean): top=0.055 bot=0.115 left=1.351 right=0.146
  [correct] R: white samples kept=7349 (median 188.0, range 140–212)
  [correct] G: white samples kept=7531 (median 201.0, range 151–245)
  [correct] white surface R: 153–201; G: 167–220
  [correct] dark surface  R: 70–132; G: 127–162
  [correct] interior DG calibration: R=2672px G=4375px
  [correct] frame post-correction p85: R=254 G=254 B=225 (target #FFFFA5 = R255 G255 B165)
  [correct] camera region mean: R=186.3 G=156.4 B=216.6
  [crop] inner-border mean=184.0 white-frame mean=216.6 (ratio 0.849, OK)
  [sample] R: 0–255  G: 0–255  B: 96–255
  [sample] subpixel cols (scale=8): B=[1,3) G=[3,5) R=[6,8) vMargin=1
  [quantize] global k-means cluster centers (palette-ordered):  BK=(R81,G34)  DG=(R147,G149)  LG=(R235,G159)  WH=(R232,G228)
  [quantize] after global kmeans: BK=2337  DG=2559  LG=4660  WH=4780
  [quantize] strip ensemble: 7 strips, changed 365 px  now: BK=2307  DG=2658  LG=4791  WH=4580
  [quantize] G-valley refinement: threshold=204.0 (LG center G=159.0, WH center G=228.0), changed 217 px
  [quantize] B reclassify: dgMeanB=231.8 warmMeanB=211.0 flipDg->warm=17 flipWarm->dg=15
  [quantize] confidence refine pass 1: 12164/14336 pixels confident, 44 ambiguous pixels reclassified via similar-RGB neighbour vote
  [quantize] confidence refine pass 2: 12168/14336 pixels confident, 19 ambiguous pixels reclassified via similar-RGB neighbour vote
  [quantize] confidence refine pass 3: 12171/14336 pixels confident, 10 ambiguous pixels reclassified via similar-RGB neighbour vote
  [quantize] confidence refine pass 4: 12173/14336 pixels confident, 4 ambiguous pixels reclassified via similar-RGB neighbour vote
  [quantize] confidence refine pass 5: 12173/14336 pixels confident, 2 ambiguous pixels reclassified via similar-RGB neighbour vote
  [quantize] confidence refine pass 6: 12173/14336 pixels confident, 2 ambiguous pixels reclassified via similar-RGB neighbour vote
  [quantize] confidence refine pass 7: 12173/14336 pixels confident, 2 ambiguous pixels reclassified via similar-RGB neighbour vote
  [quantize] confidence refine pass 8: 12173/14336 pixels confident, 2 ambiguous pixels reclassified via similar-RGB neighbour vote
  [quantize] DG-in-DG anomaly: 2 pixels reclassified DG → LG (R ≥ 25 above local DG mean)
  [quantize] final: BK=2304 (16.1%)  DG=2673 (18.6%)  LG=4957 (34.6%)  WH=4402 (30.7%)

======================================================================
COMPARISON SUMMARY
======================================================================
  Total pixels : 14336
  Matching     : 14336  (100.00%)
  Different    : 0   (0.00%)

----------------------------------------------------------------------
COLOR DISTRIBUTION
----------------------------------------------------------------------
  Color                     Result   Reference      Diff
  BK  #000000                 2304        2304  +0
  DG  #9494FF                 2673        2673  +0
  LG  #FF9494                 4957        4957  +0
  WH  #FFFFA5                 4402        4402  +0

----------------------------------------------------------------------
CONFUSION MATRIX  (rows = pipeline result, cols = reference)
----------------------------------------------------------------------
  Result / Ref             BK  #000000       DG  #9494FF       LG  #FF9494       WH  #FFFFA5   TOTAL
  BK  #000000                    2304 v                0                  0                  0      2304
  DG  #9494FF                       0               2673 v                0                  0      2673
  LG  #FF9494                       0                  0               4957 v                0      4957
  WH  #FFFFA5                       0                  0                  0               4402 v    4402

======================================================================
COMPARISON SUMMARY (reprint)
======================================================================
  Total pixels : 14336
  Matching     : 14336  (100.00%)
  Different    : 0   (0.00%)

======================================================================
RESULT: PASS — all pixels match the reference.
======================================================================
