PIPELINE RUN
  Input:      sample-pictures\20260328_165926.jpg
  Output dir: sample-pictures-out-locate\20260328_165926
  locate:     true

PIPELINE DIAGNOSTICS
  [locate] input 1414×1288 aspect=1.098 ≈ target 1.111; treating as already-cropped (passThrough)
  [warp] corner detection: area=1727829 aspect=1.112 (target 1.111) thresh=180 score=0.0275
  [warp] detected source corners (TL TR BR BL): (5,27) (1392,25) (1384,1270) (13,1278)
  [warp] pass 1 edge curvatures: top=-0.85 bot=0.98 left=2.97 right=5.25
  [warp] pass 1 corner errors: TL=(-3.3,-1.1) TR=(5.0,-0.7) BR=(5.3,1.7) BL=(-2.8,0.5)
  [warp] pass 2 edge curvatures: top=-0.23 bot=0.53 left=7.28 right=2.27
  [warp] pass 2 corner errors: TL=(1.2,-0.5) TR=(2.2,-0.3) BR=(2.4,0.7) BL=(1.5,0.1)
  [correct] R: white samples kept=7373 (median 216.1, range 160–254)
  [correct] G: white samples kept=7574 (median 217.0, range 160–254)
  [correct] white surface R: 178–242; G: 173–248
  [correct] dark surface  R: 106–194; G: 139–194
  [correct] interior DG calibration: R=8089px G=8201px
  [correct] frame post-correction p85: R=254 G=255 B=195 (target #FFFFA5 = R255 G255 B165)
  [correct] camera region mean: R=171.2 G=152.6 B=182.9
  [crop] inner-border mean=186.8 white-frame mean=196.8 (ratio 0.949, WARN)
  [sample] R: 0–255  G: 0–251  B: 61–255
  [sample] subpixel cols (scale=8): B=[1,3) G=[3,5) R=[5,7) vMargin=1
  [quantize] global k-means cluster centers (palette-ordered):  BK=(R65,G23)  DG=(R150,G140)  LG=(R223,G119)  WH=(R244,G197)
  [quantize] after global kmeans: BK=1775  DG=4968  LG=4839  WH=2754
  [quantize] strip ensemble: 7 strips, changed 1960 px  now: BK=1750  DG=4160  LG=4275  WH=4151
  [quantize] G-valley refinement: threshold=196.0 (LG center G=119.1, WH center G=196.7), changed 1591 px
  [quantize] final: BK=1750 (12.2%)  DG=4160 (29.0%)  LG=5864 (40.9%)  WH=2562 (17.9%)

======================================================================
COMPARISON SUMMARY
======================================================================
  Total pixels : 14336
  Matching     : 14336  (100.00%)
  Different    : 0   (0.00%)

----------------------------------------------------------------------
COLOR DISTRIBUTION
----------------------------------------------------------------------
  Color                     Result   Reference      Diff
  BK  #000000                 1750        1750  +0
  DG  #9494FF                 4160        4160  +0
  LG  #FF9494                 5864        5864  +0
  WH  #FFFFA5                 2562        2562  +0

----------------------------------------------------------------------
CONFUSION MATRIX  (rows = pipeline result, cols = reference)
----------------------------------------------------------------------
  Result / Ref             BK  #000000       DG  #9494FF       LG  #FF9494       WH  #FFFFA5   TOTAL
  BK  #000000                    1750 v                0                  0                  0      1750
  DG  #9494FF                       0               4160 v                0                  0      4160
  LG  #FF9494                       0                  0               5864 v                0      5864
  WH  #FFFFA5                       0                  0                  0               2562 v    2562

======================================================================
COMPARISON SUMMARY (reprint)
======================================================================
  Total pixels : 14336
  Matching     : 14336  (100.00%)
  Different    : 0   (0.00%)

======================================================================
RESULT: PASS — all pixels match the reference.
======================================================================
